<?xml version="1.0" encoding="UTF-8"?>
<testsuite xmlns:xsi="http://www.w3.org/2001/XMLSchema-instance" xsi:noNamespaceSchemaLocation="https://maven.apache.org/surefire/maven-surefire-plugin/xsd/surefire-test-report-3.0.xsd" version="3.0" name="de.th.koeln.authentifizierungservice.AuthentifizierungServiceApplicationTests" time="5.659" tests="1" errors="0" skipped="0" failures="0">
  <properties>
[...]
</properties>
  <testcase name="contextLoads" classname="de.th.koeln.authentifizierungservice.AuthentifizierungServiceApplicationTests" time="0.52">
    <system-out><![CDATA[19:37:06.300 [main] INFO org.springframework.test.context.support.AnnotationConfigContextLoaderUtils -- Could not detect default configuration classes for test class [de.th.koeln.authentifizierungservice.AuthentifizierungServiceApplicationTests]: AuthentifizierungServiceApplicationTests does not declare any static, non-private, non-final, nested classes annotated with @Configuration.
19:37:06.407 [main] INFO org.springframework.boot.test.context.SpringBootTestContextBootstrapper -- Found @SpringBootConfiguration de.th.koeln.authentifizierungservice.AuthentifizierungServiceApplication for test class de.th.koeln.authentifizierungservice.AuthentifizierungServiceApplicationTests
19:37:06.593 [main] INFO org.springframework.boot.devtools.restart.RestartApplicationListener -- Restart disabled due to context in which it is running

  .   ____          _            __ _ _
 /\\ / ___'_ __ _ _(_)_ __  __ _ \ \ \ \
( ( )\___ | '_ | '_| | '_ \/ _` | \ \ \ \
 \\/  ___)| |_)| | | | | || (_| |  ) ) ) )
  '  |____| .__|_| |_|_| |_\__, | / / / /
 =========|_|==============|___/=/_/_/_/
 :: Spring Boot ::                (v3.2.5)

2024-05-13T19:37:06.852+02:00  INFO 21456 --- [AuthentifizierungService] [           main] AuthentifizierungServiceApplicationTests : Starting AuthentifizierungServiceApplicationTests using Java 17 with PID 21456 (started by emessmaiti in C:\Users\emessmati\IdeaProjects\AuthentifizierungService)
2024-05-13T19:37:06.854+02:00  INFO 21456 --- [AuthentifizierungService] [           main] AuthentifizierungServiceApplicationTests : No active profile set, falling back to 1 default profile: "default"
2024-05-13T19:37:07.629+02:00  INFO 21456 --- [AuthentifizierungService] [           main] .s.d.r.c.RepositoryConfigurationDelegate : Bootstrapping Spring Data JPA repositories in DEFAULT mode.
2024-05-13T19:37:07.694+02:00  INFO 21456 --- [AuthentifizierungService] [           main] .s.d.r.c.RepositoryConfigurationDelegate : Finished Spring Data repository scanning in 54 ms. Found 2 JPA repository interfaces.
2024-05-13T19:37:08.135+02:00  INFO 21456 --- [AuthentifizierungService] [           main] com.zaxxer.hikari.HikariDataSource       : HikariPool-1 - Starting...
2024-05-13T19:37:08.345+02:00  INFO 21456 --- [AuthentifizierungService] [           main] com.zaxxer.hikari.pool.HikariPool        : HikariPool-1 - Added connection conn0: url=jdbc:h2:mem:aodb user=SA
2024-05-13T19:37:08.348+02:00  INFO 21456 --- [AuthentifizierungService] [           main] com.zaxxer.hikari.HikariDataSource       : HikariPool-1 - Start completed.
2024-05-13T19:37:08.413+02:00  INFO 21456 --- [AuthentifizierungService] [           main] o.hibernate.jpa.internal.util.LogHelper  : HHH000204: Processing PersistenceUnitInfo [name: default]
2024-05-13T19:37:08.490+02:00  INFO 21456 --- [AuthentifizierungService] [           main] org.hibernate.Version                    : HHH000412: Hibernate ORM core version 6.4.4.Final
2024-05-13T19:37:08.539+02:00  INFO 21456 --- [AuthentifizierungService] [           main] o.h.c.internal.RegionFactoryInitiator    : HHH000026: Second-level cache disabled
2024-05-13T19:37:08.932+02:00  INFO 21456 --- [AuthentifizierungService] [           main] o.s.o.j.p.SpringPersistenceUnitInfo      : No LoadTimeWeaver setup: ignoring JPA class transformer
2024-05-13T19:37:08.991+02:00  WARN 21456 --- [AuthentifizierungService] [           main] org.hibernate.orm.deprecation            : HHH90000025: H2Dialect does not need to be specified explicitly using 'hibernate.dialect' (remove the property setting and it will be selected by default)
2024-05-13T19:37:09.886+02:00  INFO 21456 --- [AuthentifizierungService] [           main] o.h.e.t.j.p.i.JtaPlatformInitiator       : HHH000489: No JTA platform available (set 'hibernate.transaction.jta.platform' to enable JTA platform integration)
2024-05-13T19:37:09.936+02:00  INFO 21456 --- [AuthentifizierungService] [           main] j.LocalContainerEntityManagerFactoryBean : Initialized JPA EntityManagerFactory for persistence unit 'default'
2024-05-13T19:37:10.472+02:00  WARN 21456 --- [AuthentifizierungService] [           main] JpaBaseConfiguration$JpaWebConfiguration : spring.jpa.open-in-view is enabled by default. Therefore, database queries may be performed during view rendering. Explicitly configure spring.jpa.open-in-view to disable this warning
2024-05-13T19:37:10.904+02:00  INFO 21456 --- [AuthentifizierungService] [           main] o.s.s.web.DefaultSecurityFilterChain     : Will secure any request with [org.springframework.security.web.session.DisableEncodeUrlFilter@18f794e, org.springframework.security.web.context.request.async.WebAsyncManagerIntegrationFilter@389a9ff6, org.springframework.security.web.context.SecurityContextHolderFilter@7a57c5d9, org.springframework.security.web.header.HeaderWriterFilter@113e6e06, org.springframework.web.filter.CorsFilter@15af06f, org.springframework.security.web.authentication.logout.LogoutFilter@5b5f61cc, org.springframework.security.oauth2.server.resource.web.authentication.BearerTokenAuthenticationFilter@13b5598b, org.springframework.security.web.savedrequest.RequestCacheAwareFilter@2be208db, org.springframework.security.web.servletapi.SecurityContextHolderAwareRequestFilter@5ed463b7, org.springframework.security.web.authentication.AnonymousAuthenticationFilter@76876421, org.springframework.security.web.session.SessionManagementFilter@723f8990, org.springframework.security.web.access.ExceptionTranslationFilter@47800bd7, org.springframework.security.web.access.intercept.AuthorizationFilter@58038583]
2024-05-13T19:37:11.263+02:00  INFO 21456 --- [AuthentifizierungService] [           main] AuthentifizierungServiceApplicationTests : Started AuthentifizierungServiceApplicationTests in 4.679 seconds (process running for 5.578)
]]></system-out>
  </testcase>
</testsuite>